<?xml version="1.0" encoding="UTF-8"?>
<testng-results skipped="0" failed="0" ignored="0" total="1" passed="1">
  <reporter-output>
  </reporter-output>
  <suite name="Suite" duration-ms="19147" started-at="2020-12-23T18:33:38Z" finished-at="2020-12-23T18:33:57Z">
    <groups>
    </groups>
    <test name="Test" duration-ms="19147" started-at="2020-12-23T18:33:38Z" finished-at="2020-12-23T18:33:57Z">
      <class name="com.TestVagrant.assignment.IntegrationTests">
        <test-method status="PASS" signature="setup()[pri:0, instance:com.TestVagrant.assignment.IntegrationTests@548e7350]" name="setup" is-config="true" duration-ms="6310" started-at="2020-12-23T18:33:38Z" finished-at="2020-12-23T18:33:44Z">
          <reporter-output>
          </reporter-output>
        </test-method> <!-- setup -->
        <test-method status="PASS" signature="temperatureToleranceTest(java.lang.String)[pri:0, instance:com.TestVagrant.assignment.IntegrationTests@548e7350]" name="temperatureToleranceTest" duration-ms="8602" started-at="2020-12-23T18:33:44Z" finished-at="2020-12-23T18:33:53Z">
          <params>
            <param index="0">
              <value>
                <![CDATA[Rajkot]]>
              </value>
            </param>
          </params>
          <reporter-output>
          </reporter-output>
        </test-method> <!-- temperatureToleranceTest -->
        <test-method status="PASS" signature="TearDown()[pri:0, instance:com.TestVagrant.assignment.IntegrationTests@548e7350]" name="TearDown" is-config="true" duration-ms="4212" started-at="2020-12-23T18:33:53Z" finished-at="2020-12-23T18:33:57Z">
          <reporter-output>
          </reporter-output>
        </test-method> <!-- TearDown -->
      </class> <!-- com.TestVagrant.assignment.IntegrationTests -->
    </test> <!-- Test -->
  </suite> <!-- Suite -->
</testng-results>
